<?xml version="1.0" encoding="UTF-8"?>
<!-- Generated by org.testng.reporters.JUnitReportReporter -->
<testsuite skipped="0" hostname="Mohammads-MacBook-Pro-4.local" name="TestHomePage" tests="3" failures="0" timestamp="12 Mar 2019 07:10:00 GMT" time="2.916" errors="0">
  <testcase name="testUserCanNavigateToTheSignInPage" time="1.540" classname="TestHomePage"/>
  <testcase name="testUserCanNavigateToHomePage" time="0.009" classname="TestHomePage"/>
  <testcase name="testUserCanSearchForDresses" time="1.367" classname="TestHomePage"/>
</testsuite> <!-- TestHomePage -->
